<?xml version="1.0" encoding="UTF-8"?>
<!-- Generated by org.testng.reporters.JUnitReportReporter -->
<testsuite skipped="0" hostname="ip-172-31-8-189" name="test.TestCase2" tests="1" failures="0" timestamp="2021-02-19T07:35:16 UTC" time="0.007" errors="0">
  <testcase name="method3" time="0.007" classname="test.TestCase2"/>
  <system-out/>
</testsuite> <!-- test.TestCase2 -->
