<?xml version="1.0" encoding="UTF-8"?>
<!-- Generated by org.testng.reporters.JUnitReportReporter -->
<testsuite skipped="0" hostname="ip-172-31-8-189" name="test.TestCase1" tests="1" failures="0" timestamp="2021-02-19T06:33:34 UTC" time="0.006" errors="0">
  <testcase name="method1" time="0.006" classname="test.TestCase1"/>
  <system-out/>
</testsuite> <!-- test.TestCase1 -->
