<?xml version="1.0" encoding="UTF-8"?>
<!-- Generated by org.testng.reporters.JUnitReportReporter -->
<testsuite skipped="0" hostname="ip-172-31-8-189" name="test.Annotations" tests="2" failures="0" timestamp="2021-02-26T04:42:21 UTC" time="0.008" errors="0">
  <testcase name="method2" time="0.001" classname="test.Annotations"/>
  <system-out/>
  <testcase name="method1" time="0.007" classname="test.Annotations"/>
  <system-out/>
</testsuite> <!-- test.Annotations -->
